2025-06-03 22:24:09,351 - __main__ - INFO - å¼€å§‹å¯åŠ¨å°çº¢ä¹¦æœç´¢æœåŠ¡...
2025-06-03 22:24:09,354 - __main__ - INFO - âœ“ é…ç½®éªŒè¯é€šè¿‡
2025-06-03 22:24:09,354 - __main__ - INFO - æ­£åœ¨æ¸…ç†ç¼“å­˜è¿‡æœŸæ–‡ä»¶...
2025-06-03 22:24:09,367 - __main__ - INFO - ä¿ç•™æœ€æ–°æ—¥å¿—æ–‡ä»¶: startup.log
2025-06-03 22:24:09,367 - __main__ - INFO - logsç›®å½•æ¸…ç†å®Œæˆï¼Œåˆ é™¤äº† 0 ä¸ªæ—§æ—¥å¿—æ–‡ä»¶
2025-06-03 22:24:09,367 - __main__ - INFO - ä¿ç•™å—ä¿æŠ¤çš„ç›®å½•: cookies
2025-06-03 22:24:09,367 - __main__ - INFO - âœ“ ç¼“å­˜æ¸…ç†å®Œæˆ: åˆ é™¤äº† 0 ä¸ªæ–‡ä»¶, 2 ä¸ªç›®å½•
2025-06-03 22:24:09,368 - __main__ - INFO - âœ“ é‡æ–°åˆ›å»ºå¿…è¦çš„ç¼“å­˜ç›®å½•
2025-06-03 22:24:09,368 - __main__ - INFO - æ­£åœ¨æ£€æŸ¥ç³»ç»Ÿä¾èµ–...
2025-06-03 22:24:10,013 - __main__ - INFO - âœ“ åŸºç¡€PythonåŒ…æ£€æŸ¥å®Œæˆ
2025-06-03 22:24:10,014 - __main__ - INFO - âœ“ Chromeæµè§ˆå™¨æ£€æŸ¥å®Œæˆ
2025-06-03 22:24:10,014 - __main__ - INFO - æ­£åœ¨åˆå§‹åŒ–WebDriver...
2025-06-03 22:24:10,087 - __main__ - INFO - æ‰¾åˆ°æœ¬åœ°chromedriver: /Users/derekzhou/Downloads/9-AI/Cursor workspace/xiaohongshu-search/drivers/chromedriver-mac-arm64/chromedriver
2025-06-03 22:24:10,891 - __main__ - INFO - âœ“ æœ¬åœ°chromedriveréªŒè¯æˆåŠŸ
2025-06-03 22:24:10,892 - __main__ - INFO - æ­£åœ¨é¢„åˆå§‹åŒ–çˆ¬è™«ç»„ä»¶...
2025-06-03 22:24:10,895 - __main__ - INFO - âœ“ çˆ¬è™«ç»„ä»¶é¢„åˆå§‹åŒ–å®Œæˆ
2025-06-03 22:24:10,895 - __main__ - INFO - æ‰€æœ‰åˆå§‹åŒ–æ­¥éª¤å®Œæˆï¼Œç”¨æ—¶: 1.54ç§’
2025-06-03 22:24:10,895 - __main__ - INFO - æ­£åœ¨å¯åŠ¨Flaskåº”ç”¨...
2025-06-03 22:24:10,901 - __main__ - INFO - æ‰€æœ‰æœåŠ¡åˆå§‹åŒ–å®Œæˆï¼
2025-06-03 22:24:10,901 - __main__ - INFO - ==================================================
2025-06-03 22:24:10,901 - __main__ - INFO - å°çº¢ä¹¦æœç´¢æœåŠ¡å·²å°±ç»ª
2025-06-03 22:24:10,902 - __main__ - INFO - è®¿é—®åœ°å€: http://0.0.0.0:8080
2025-06-03 22:24:10,902 - __main__ - INFO - å¦‚éœ€ç™»å½•ï¼Œè¯·è®¿é—®: http://0.0.0.0:8080/login
2025-06-03 22:24:10,902 - __main__ - INFO - é»˜è®¤æœç´¢ç»“æœæ•°é‡: 30 ç¯‡ç¬”è®°
2025-06-03 22:24:10,902 - __main__ - INFO - ==================================================
2025-06-03 22:24:10,909 - werkzeug - INFO - [31m[1mWARNING: This is a development server. Do not use it in a production deployment. Use a production WSGI server instead.[0m
 * Running on all addresses (0.0.0.0)
 * Running on http://127.0.0.1:8080
 * Running on http://26.26.26.1:8080
2025-06-03 22:24:10,909 - werkzeug - INFO - [33mPress CTRL+C to quit[0m
2025-06-03 22:24:20,730 - __main__ - INFO - å¼€å§‹å¯åŠ¨å°çº¢ä¹¦æœç´¢æœåŠ¡...
2025-06-03 22:24:20,730 - __main__ - INFO - âœ“ é…ç½®éªŒè¯é€šè¿‡
2025-06-03 22:24:20,730 - __main__ - INFO - æ­£åœ¨æ¸…ç†ç¼“å­˜è¿‡æœŸæ–‡ä»¶...
2025-06-03 22:24:20,730 - __main__ - INFO - ä¿ç•™æœ€æ–°æ—¥å¿—æ–‡ä»¶: startup.log
2025-06-03 22:24:20,730 - __main__ - INFO - logsç›®å½•æ¸…ç†å®Œæˆï¼Œåˆ é™¤äº† 0 ä¸ªæ—§æ—¥å¿—æ–‡ä»¶
2025-06-03 22:24:20,730 - __main__ - INFO - ä¿ç•™å—ä¿æŠ¤çš„ç›®å½•: cookies
2025-06-03 22:24:20,730 - __main__ - INFO - âœ“ ç¼“å­˜æ¸…ç†å®Œæˆ: åˆ é™¤äº† 0 ä¸ªæ–‡ä»¶, 2 ä¸ªç›®å½•
2025-06-03 22:24:20,730 - __main__ - INFO - âœ“ é‡æ–°åˆ›å»ºå¿…è¦çš„ç¼“å­˜ç›®å½•
2025-06-03 22:24:20,730 - __main__ - INFO - æ­£åœ¨æ£€æŸ¥ç³»ç»Ÿä¾èµ–...
2025-06-03 22:24:20,819 - __main__ - INFO - âœ“ åŸºç¡€PythonåŒ…æ£€æŸ¥å®Œæˆ
2025-06-03 22:24:20,819 - __main__ - INFO - âœ“ Chromeæµè§ˆå™¨æ£€æŸ¥å®Œæˆ
2025-06-03 22:24:20,819 - __main__ - INFO - æ­£åœ¨åˆå§‹åŒ–WebDriver...
2025-06-03 22:24:20,863 - __main__ - INFO - æ‰¾åˆ°æœ¬åœ°chromedriver: /Users/derekzhou/Downloads/9-AI/Cursor workspace/xiaohongshu-search/drivers/chromedriver-mac-arm64/chromedriver
2025-06-03 22:24:21,542 - __main__ - INFO - âœ“ æœ¬åœ°chromedriveréªŒè¯æˆåŠŸ
2025-06-03 22:24:21,542 - __main__ - INFO - æ­£åœ¨é¢„åˆå§‹åŒ–çˆ¬è™«ç»„ä»¶...
2025-06-03 22:24:21,546 - __main__ - INFO - âœ“ çˆ¬è™«ç»„ä»¶é¢„åˆå§‹åŒ–å®Œæˆ
2025-06-03 22:24:21,546 - __main__ - INFO - æ‰€æœ‰åˆå§‹åŒ–æ­¥éª¤å®Œæˆï¼Œç”¨æ—¶: 0.82ç§’
2025-06-03 22:24:21,546 - __main__ - INFO - æ­£åœ¨å¯åŠ¨Flaskåº”ç”¨...
2025-06-03 22:24:21,549 - __main__ - INFO - æ‰€æœ‰æœåŠ¡åˆå§‹åŒ–å®Œæˆï¼
2025-06-03 22:24:21,550 - __main__ - INFO - ==================================================
2025-06-03 22:24:21,550 - __main__ - INFO - å°çº¢ä¹¦æœç´¢æœåŠ¡å·²å°±ç»ª
2025-06-03 22:24:21,550 - __main__ - INFO - è®¿é—®åœ°å€: http://0.0.0.0:8080
2025-06-03 22:24:21,550 - __main__ - INFO - å¦‚éœ€ç™»å½•ï¼Œè¯·è®¿é—®: http://0.0.0.0:8080/login
2025-06-03 22:24:21,550 - __main__ - INFO - é»˜è®¤æœç´¢ç»“æœæ•°é‡: 30 ç¯‡ç¬”è®°
2025-06-03 22:24:21,550 - __main__ - INFO - ==================================================
2025-06-03 22:24:23,148 - werkzeug - INFO - 127.0.0.1 - - [03/Jun/2025 22:24:23] "GET / HTTP/1.1" 200 -
2025-06-03 22:24:57,482 - werkzeug - INFO - 127.0.0.1 - - [03/Jun/2025 22:24:57] "GET / HTTP/1.1" 200 -
2025-06-03 22:24:57,499 - werkzeug - INFO - 127.0.0.1 - - [03/Jun/2025 22:24:57] "[33mGET /img/logo.png HTTP/1.1[0m" 404 -
2025-06-03 22:24:57,501 - werkzeug - INFO - 127.0.0.1 - - [03/Jun/2025 22:24:57] "[36mGET /css/style.css HTTP/1.1[0m" 304 -
2025-06-03 22:24:57,502 - werkzeug - INFO - 127.0.0.1 - - [03/Jun/2025 22:24:57] "GET /js/api.js HTTP/1.1" 200 -
2025-06-03 22:24:57,502 - werkzeug - INFO - 127.0.0.1 - - [03/Jun/2025 22:24:57] "GET /js/script.js HTTP/1.1" 200 -
2025-06-03 22:25:01,286 - src.server.main_server - INFO - æ­£åœ¨åˆå§‹åŒ–å°çº¢ä¹¦çˆ¬è™«...
2025-06-03 22:25:01,288 - src.crawler.xiaohongshu_crawler - INFO - æˆåŠŸåŠ è½½Cookieæ–‡ä»¶: cache/cookies/xiaohongshu_cookies.json, åŒ…å« 12 ä¸ªcookie
2025-06-03 22:25:01,288 - src.crawler.xiaohongshu_crawler - INFO - å°çº¢ä¹¦çˆ¬è™«åˆå§‹åŒ–å®Œæˆ
2025-06-03 22:25:01,289 - src.crawler.xiaohongshu_crawler - INFO - HTMLå­˜å‚¨å›è°ƒå‡½æ•°å·²è®¾ç½®
2025-06-03 22:25:01,289 - src.server.main_server - INFO - å°çº¢ä¹¦çˆ¬è™«åˆå§‹åŒ–æˆåŠŸ
2025-06-03 22:25:01,290 - src.crawler.xiaohongshu_crawler - INFO - å¼€å§‹æœç´¢å…³é”®è¯: éœ²è¥
2025-06-03 22:25:01,290 - src.crawler.xiaohongshu_crawler - INFO - æ­£åœ¨åˆå§‹åŒ–Selenium...
2025-06-03 22:25:01,291 - src.crawler.xiaohongshu_crawler - INFO - ä½¿ç”¨æœ¬åœ°ChromeDriver: /Users/derekzhou/Downloads/9-AI/Cursor workspace/xiaohongshu-search/drivers/chromedriver-mac-arm64/chromedriver
2025-06-03 22:25:02,175 - src.crawler.xiaohongshu_crawler - INFO - Chromeæµè§ˆå™¨å·²æˆåŠŸå¯åŠ¨
2025-06-03 22:25:02,176 - src.crawler.xiaohongshu_crawler - INFO - å°è¯•æ·»åŠ cookie...
2025-06-03 22:25:20,700 - src.crawler.xiaohongshu_crawler - INFO - å·²æ·»åŠ cookieå¹¶åˆ·æ–°é¡µé¢
2025-06-03 22:25:20,702 - src.crawler.xiaohongshu_crawler - INFO - Seleniumåˆå§‹åŒ–æˆåŠŸ
2025-06-03 22:25:20,702 - src.crawler.xiaohongshu_crawler - INFO - å¼€å§‹ä½¿ç”¨Seleniumæœç´¢: éœ²è¥
2025-06-03 22:25:20,702 - src.crawler.xiaohongshu_crawler - INFO - æœç´¢URL: https://www.xiaohongshu.com/search_result?keyword=%E9%9C%B2%E8%90%A5&source=web_search&type=comprehensive
2025-06-03 22:25:20,702 - src.crawler.xiaohongshu_crawler - INFO - ä½¿ç”¨ä¸‰ç§æå–ç­–ç•¥
2025-06-03 22:25:34,806 - src.crawler.xiaohongshu_crawler - INFO - é¡µé¢å…ƒç´ åŠ è½½å®Œæˆ
2025-06-03 22:25:34,812 - src.crawler.xiaohongshu_crawler - INFO - å½“å‰é¡µé¢URL: https://www.xiaohongshu.com/search_result/?keyword=%E9%9C%B2%E8%90%A5&source=web_search&type=comprehensive
2025-06-03 22:25:34,812 - src.crawler.xiaohongshu_crawler - INFO - é¡µé¢æ ‡é¢˜: éœ²è¥ - å°çº¢ä¹¦æœç´¢
2025-06-03 22:25:34,829 - src.crawler.xiaohongshu_crawler - INFO - å·²ä¿å­˜é¡µé¢æºç : /Users/derekzhou/Downloads/9-AI/Cursor workspace/xiaohongshu-search/cache/temp/page_source_0f299ef48207c680994a9809a728d4a5.html
2025-06-03 22:25:34,844 - src.crawler.xiaohongshu_crawler - WARNING - æ£€æµ‹åˆ°åçˆ¬è™«æœºåˆ¶æˆ–ç™»å½•è¦æ±‚
2025-06-03 22:25:34,882 - src.crawler.xiaohongshu_crawler - INFO - æˆåŠŸç‚¹å‡»å…³é—­æŒ‰é’®: //div[contains(@class, 'close')]
2025-06-03 22:25:36,887 - src.crawler.xiaohongshu_crawler - INFO - å¼€å§‹æ»šåŠ¨é¡µé¢ä»¥åŠ è½½å†…å®¹
2025-06-03 22:25:38,896 - src.crawler.xiaohongshu_crawler - INFO - ç¬¬1æ¬¡æ»šåŠ¨å®Œæˆ
2025-06-03 22:25:40,903 - src.crawler.xiaohongshu_crawler - INFO - ç¬¬2æ¬¡æ»šåŠ¨å®Œæˆ
2025-06-03 22:25:42,911 - src.crawler.xiaohongshu_crawler - INFO - ç¬¬3æ¬¡æ»šåŠ¨å®Œæˆ
2025-06-03 22:25:43,608 - src.crawler.xiaohongshu_crawler - INFO - å·²ä¿å­˜æœç´¢ç»“æœæˆªå›¾: /Users/derekzhou/Downloads/9-AI/Cursor workspace/xiaohongshu-search/cache/temp/search_0f299ef48207c680994a9809a728d4a5.png
2025-06-03 22:25:43,608 - src.crawler.xiaohongshu_crawler - INFO - === å¼€å§‹ä½¿ç”¨ä¸‰ç§æå–ç­–ç•¥ ===
2025-06-03 22:25:43,608 - src.crawler.xiaohongshu_crawler - INFO - --- å¼€å§‹æ‰§è¡Œç­–ç•¥1: CSSé€‰æ‹©å™¨æ–¹æ³• ---
2025-06-03 22:25:43,608 - src.crawler.xiaohongshu_crawler - INFO - å°è¯•é€‰æ‹©å™¨ 1: div.note-item
2025-06-03 22:25:43,614 - src.crawler.xiaohongshu_crawler - INFO - æ‰¾åˆ° 0 ä¸ªå…ƒç´ 
2025-06-03 22:25:43,614 - src.crawler.xiaohongshu_crawler - INFO - å°è¯•é€‰æ‹©å™¨ 2: div[data-noteid]
2025-06-03 22:25:43,620 - src.crawler.xiaohongshu_crawler - INFO - æ‰¾åˆ° 0 ä¸ªå…ƒç´ 
2025-06-03 22:25:43,620 - src.crawler.xiaohongshu_crawler - INFO - å°è¯•é€‰æ‹©å™¨ 3: div[class*='note']
2025-06-03 22:25:43,626 - src.crawler.xiaohongshu_crawler - INFO - æ‰¾åˆ° 21 ä¸ªå…ƒç´ 
2025-06-03 22:25:43,681 - src.crawler.xiaohongshu_crawler - INFO - æˆåŠŸæå–ç¬”è®°: å¤§å®¶éƒ½åœ¨æœ
éœ²è¥ç«é”…ç‚‰
æ²‰æµ¸å¼é›¨å¤©éœ²è¥
éœ²è¥ç‚¹
éœ²è¥è¥åœ°...
2025-06-03 22:25:43,711 - src.crawler.xiaohongshu_crawler - INFO - æˆåŠŸæå–ç¬”è®°: å¤§å®¶éƒ½åœ¨æœ...
2025-06-03 22:25:43,721 - src.crawler.xiaohongshu_crawler - INFO - æˆåŠŸæå–ç¬”è®°: éœ²è¥ç«é”…ç‚‰
æ²‰æµ¸å¼é›¨å¤©éœ²è¥
éœ²è¥ç‚¹
éœ²è¥è¥åœ°...
2025-06-03 22:25:43,730 - src.crawler.xiaohongshu_crawler - INFO - æˆåŠŸæå–ç¬”è®°: éœ²è¥ç«é”…ç‚‰...
2025-06-03 22:25:43,740 - src.crawler.xiaohongshu_crawler - INFO - æˆåŠŸæå–ç¬”è®°: æ²‰æµ¸å¼é›¨å¤©éœ²è¥...
2025-06-03 22:25:43,740 - src.crawler.xiaohongshu_crawler - INFO - ç­–ç•¥1æˆåŠŸï¼Œä½¿ç”¨é€‰æ‹©å™¨: div[class*='note']
2025-06-03 22:25:43,740 - src.crawler.xiaohongshu_crawler - INFO - --- ç­–ç•¥1å®Œæˆï¼Œå…±æå– 5 æ¡ç¬”è®° ---
2025-06-03 22:25:43,740 - src.crawler.xiaohongshu_crawler - INFO - ç­–ç•¥1 - CSSé€‰æ‹©å™¨æ–¹æ³•ï¼Œæå–åˆ° 5 æ¡ç¬”è®°
2025-06-03 22:25:43,740 - src.crawler.xiaohongshu_crawler - INFO - --- å¼€å§‹æ‰§è¡Œç­–ç•¥2: URLæ¨¡å¼åŒ¹é…æ–¹æ³• ---
2025-06-03 22:25:43,746 - src.crawler.xiaohongshu_crawler - INFO - é¡µé¢æ€»é“¾æ¥æ•°: 131
2025-06-03 22:25:44,694 - src.crawler.xiaohongshu_crawler - INFO - åŒ…å« '/explore/' çš„é“¾æ¥: 25 ä¸ª
2025-06-03 22:25:45,552 - src.crawler.xiaohongshu_crawler - INFO - åŒ…å« '/discovery/' çš„é“¾æ¥: 0 ä¸ª
2025-06-03 22:25:46,389 - src.crawler.xiaohongshu_crawler - INFO - åŒ…å« '/note/' çš„é“¾æ¥: 0 ä¸ª
2025-06-03 22:25:47,273 - src.crawler.xiaohongshu_crawler - INFO - åŒ…å« '/item/' çš„é“¾æ¥: 0 ä¸ª
2025-06-03 22:25:48,140 - src.crawler.xiaohongshu_crawler - INFO - åŒ…å« '/detail/' çš„é“¾æ¥: 0 ä¸ª
2025-06-03 22:25:48,222 - src.crawler.xiaohongshu_crawler - INFO - å»é‡åçš„ç¬”è®°é“¾æ¥: 25 ä¸ª
2025-06-03 22:25:48,319 - src.crawler.xiaohongshu_crawler - INFO - ä»é“¾æ¥æå–ç¬”è®°: å°çº¢ä¹¦ç¬”è®°_681f27230000000022005428...
2025-06-03 22:25:48,330 - src.crawler.xiaohongshu_crawler - INFO - ä»é“¾æ¥æå–ç¬”è®°: å°çº¢ä¹¦ç¬”è®°_66f0df6e000000001b020202...
2025-06-03 22:25:48,342 - src.crawler.xiaohongshu_crawler - INFO - ä»é“¾æ¥æå–ç¬”è®°: å°çº¢ä¹¦ç¬”è®°_67d6adc8000000001d014b44...
2025-06-03 22:25:48,411 - src.crawler.xiaohongshu_crawler - INFO - ä»é“¾æ¥æå–ç¬”è®°: å°çº¢ä¹¦ç¬”è®°_67b163db000000002503ff22...
2025-06-03 22:25:48,424 - src.crawler.xiaohongshu_crawler - INFO - ä»é“¾æ¥æå–ç¬”è®°: å°çº¢ä¹¦ç¬”è®°_6785e5e8000000001a01f899...
2025-06-03 22:25:48,436 - src.crawler.xiaohongshu_crawler - INFO - ä»é“¾æ¥æå–ç¬”è®°: å°çº¢ä¹¦ç¬”è®°_67bfbaf20000000029031942...
2025-06-03 22:25:48,448 - src.crawler.xiaohongshu_crawler - INFO - ä»é“¾æ¥æå–ç¬”è®°: å°çº¢ä¹¦ç¬”è®°_663795a6000000001e01c9ca...
2025-06-03 22:25:48,495 - src.crawler.xiaohongshu_crawler - INFO - ä»é“¾æ¥æå–ç¬”è®°: å°çº¢ä¹¦ç¬”è®°_6731ae5d000000001b02ab52...
2025-06-03 22:25:48,508 - src.crawler.xiaohongshu_crawler - INFO - ä»é“¾æ¥æå–ç¬”è®°: å°çº¢ä¹¦ç¬”è®°_673db3e00000000002019838...
2025-06-03 22:25:48,519 - src.crawler.xiaohongshu_crawler - INFO - ä»é“¾æ¥æå–ç¬”è®°: å°çº¢ä¹¦ç¬”è®°_67fb3de8000000001c00aa4e...
2025-06-03 22:25:48,519 - src.crawler.xiaohongshu_crawler - INFO - --- ç­–ç•¥2å®Œæˆï¼Œå…±æå– 10 æ¡ç¬”è®° ---
2025-06-03 22:25:48,519 - src.crawler.xiaohongshu_crawler - INFO - ç­–ç•¥2 - URLæ¨¡å¼åŒ¹é…æ–¹æ³•ï¼Œæå–åˆ° 10 æ¡ç¬”è®°
2025-06-03 22:25:48,519 - src.crawler.xiaohongshu_crawler - INFO - --- å¼€å§‹æ‰§è¡Œç­–ç•¥3: DOMç»“æ„åˆ†ææ–¹æ³• ---
2025-06-03 22:25:48,519 - src.crawler.xiaohongshu_crawler - INFO - æœç´¢åŒ…å«å…³é”®è¯ 'éœ²è¥' çš„å…ƒç´ 
2025-06-03 22:25:48,527 - src.crawler.xiaohongshu_crawler - INFO - XPath '//*[contains(text(), 'éœ²è¥')]' æ‰¾åˆ° 43 ä¸ªå…ƒç´ 
2025-06-03 22:25:48,533 - src.crawler.xiaohongshu_crawler - INFO - XPath '//div[contains(text(), 'éœ²è¥')]' æ‰¾åˆ° 0 ä¸ªå…ƒç´ 
2025-06-03 22:25:48,541 - src.crawler.xiaohongshu_crawler - INFO - XPath '//span[contains(text(), 'éœ²è¥')]' æ‰¾åˆ° 41 ä¸ªå…ƒç´ 
2025-06-03 22:25:48,548 - src.crawler.xiaohongshu_crawler - INFO - XPath '//p[contains(text(), 'éœ²è¥')]' æ‰¾åˆ° 0 ä¸ªå…ƒç´ 
2025-06-03 22:25:48,555 - src.crawler.xiaohongshu_crawler - INFO - XPath '//h1[contains(text(), 'éœ²è¥')]' æ‰¾åˆ° 0 ä¸ªå…ƒç´ 
2025-06-03 22:25:48,561 - src.crawler.xiaohongshu_crawler - INFO - XPath '//h2[contains(text(), 'éœ²è¥')]' æ‰¾åˆ° 0 ä¸ªå…ƒç´ 
2025-06-03 22:25:48,567 - src.crawler.xiaohongshu_crawler - INFO - XPath '//h3[contains(text(), 'éœ²è¥')]' æ‰¾åˆ° 0 ä¸ªå…ƒç´ 
2025-06-03 22:25:48,567 - src.crawler.xiaohongshu_crawler - INFO - æ€»å…±æ‰¾åˆ° 84 ä¸ªåŒ…å«å…³é”®è¯çš„å…ƒç´ 
2025-06-03 22:25:49,010 - src.crawler.xiaohongshu_crawler - INFO - --- ç­–ç•¥3å®Œæˆï¼Œå…±æå– 0 æ¡ç¬”è®° ---
2025-06-03 22:25:49,010 - src.crawler.xiaohongshu_crawler - INFO - ç­–ç•¥3 - DOMç»“æ„åˆ†ææ–¹æ³•ï¼Œæå–åˆ° 0 æ¡ç¬”è®°
2025-06-03 22:25:49,011 - src.crawler.xiaohongshu_crawler - INFO - å·²ç§»é™¤ 5 æ¡æ— æ•ˆURLçš„ç¬”è®°
2025-06-03 22:25:49,011 - src.crawler.xiaohongshu_crawler - INFO - === æœç´¢å®Œæˆ ===
2025-06-03 22:25:49,011 - src.crawler.xiaohongshu_crawler - INFO - strategy1ç»“æœ: 5 æ¡
2025-06-03 22:25:49,011 - src.crawler.xiaohongshu_crawler - INFO - strategy2ç»“æœ: 10 æ¡
2025-06-03 22:25:49,011 - src.crawler.xiaohongshu_crawler - INFO - strategy3ç»“æœ: 0 æ¡
2025-06-03 22:25:49,011 - src.crawler.xiaohongshu_crawler - INFO - å»é‡åæ€»è®¡: 15 æ¡
2025-06-03 22:25:49,011 - src.crawler.xiaohongshu_crawler - INFO - URLéªŒè¯å: 10 æ¡
2025-06-03 22:25:49,011 - src.crawler.xiaohongshu_crawler - INFO - æœ€ç»ˆè¿”å›: 10 æ¡
2025-06-03 22:25:49,011 - src.crawler.xiaohongshu_crawler - INFO - æœç´¢æˆåŠŸï¼Œæ‰¾åˆ° 10 æ¡ç¬”è®°
2025-06-03 22:25:49,011 - src.crawler.xiaohongshu_crawler - INFO - æ•°æ®å·²ç¼“å­˜: /Users/derekzhou/Downloads/9-AI/Cursor workspace/xiaohongshu-search/cache/temp/search_0f299ef48207c680994a9809a728d4a5.json
2025-06-03 22:25:49,012 - src.crawler.xiaohongshu_crawler - INFO - HTMLç»“æœé¡µé¢å·²ç”Ÿæˆ: /Users/derekzhou/Downloads/9-AI/Cursor workspace/xiaohongshu-search/cache/results/search_0f299ef48207c680994a9809a728d4a5.html
2025-06-03 22:25:49,012 - src.server.main_server - INFO - HTMLå†…å®¹å·²å­˜å‚¨åˆ°å†…å­˜ç¼“å­˜: 0f299ef48207c680994a9809a728d4a5
2025-06-03 22:25:49,012 - src.crawler.xiaohongshu_crawler - INFO - HTMLå†…å®¹å·²é€šè¿‡å›è°ƒå‡½æ•°ä¼ é€’: 0f299ef48207c680994a9809a728d4a5
2025-06-03 22:25:49,013 - werkzeug - INFO - 127.0.0.1 - - [03/Jun/2025 22:25:49] "GET /api/search?keyword=éœ²è¥&max_results=21&use_cache=true HTTP/1.1" 200 -
2025-06-03 22:25:49,028 - src.server.main_server - INFO - ä»å†…å­˜ç¼“å­˜è¿”å›HTMLå†…å®¹: 0f299ef48207c680994a9809a728d4a5
2025-06-03 22:25:49,029 - werkzeug - INFO - 127.0.0.1 - - [03/Jun/2025 22:25:49] "GET /api/result-html/0f299ef48207c680994a9809a728d4a5 HTTP/1.1" 200 -
2025-06-03 22:26:16,481 - werkzeug - INFO - 127.0.0.1 - - [03/Jun/2025 22:26:16] "[36mGET / HTTP/1.1[0m" 304 -
2025-06-03 22:26:16,501 - werkzeug - INFO - 127.0.0.1 - - [03/Jun/2025 22:26:16] "[33mGET /img/logo.png HTTP/1.1[0m" 404 -
2025-06-03 22:26:16,503 - werkzeug - INFO - 127.0.0.1 - - [03/Jun/2025 22:26:16] "[36mGET /js/api.js HTTP/1.1[0m" 304 -
2025-06-03 22:26:16,504 - werkzeug - INFO - 127.0.0.1 - - [03/Jun/2025 22:26:16] "[36mGET /css/style.css HTTP/1.1[0m" 304 -
2025-06-03 22:26:16,506 - werkzeug - INFO - 127.0.0.1 - - [03/Jun/2025 22:26:16] "[36mGET /js/script.js HTTP/1.1[0m" 304 -
2025-06-03 22:26:25,952 - src.crawler.xiaohongshu_crawler - INFO - å¼€å§‹æœç´¢å…³é”®è¯: ä¸Šæµ·éœ²è¥åœ°
2025-06-03 22:26:25,953 - src.crawler.xiaohongshu_crawler - INFO - å¼€å§‹ä½¿ç”¨Seleniumæœç´¢: ä¸Šæµ·éœ²è¥åœ°
2025-06-03 22:26:25,953 - src.crawler.xiaohongshu_crawler - INFO - æœç´¢URL: https://www.xiaohongshu.com/search_result?keyword=%E4%B8%8A%E6%B5%B7%E9%9C%B2%E8%90%A5%E5%9C%B0&source=web_search&type=comprehensive
2025-06-03 22:26:25,953 - src.crawler.xiaohongshu_crawler - INFO - ä½¿ç”¨ä¸‰ç§æå–ç­–ç•¥
2025-06-03 22:26:41,089 - src.crawler.xiaohongshu_crawler - INFO - é¡µé¢å…ƒç´ åŠ è½½å®Œæˆ
2025-06-03 22:26:41,095 - src.crawler.xiaohongshu_crawler - INFO - å½“å‰é¡µé¢URL: https://www.xiaohongshu.com/search_result/?keyword=%E4%B8%8A%E6%B5%B7%E9%9C%B2%E8%90%A5%E5%9C%B0&source=web_search&type=comprehensive
2025-06-03 22:26:41,095 - src.crawler.xiaohongshu_crawler - INFO - é¡µé¢æ ‡é¢˜: ä¸Šæµ·éœ²è¥åœ° - å°çº¢ä¹¦æœç´¢
2025-06-03 22:26:41,111 - src.crawler.xiaohongshu_crawler - INFO - å·²ä¿å­˜é¡µé¢æºç : /Users/derekzhou/Downloads/9-AI/Cursor workspace/xiaohongshu-search/cache/temp/page_source_5338a07d5960ea06ebded26befc917d7.html
2025-06-03 22:26:41,126 - src.crawler.xiaohongshu_crawler - WARNING - æ£€æµ‹åˆ°åçˆ¬è™«æœºåˆ¶æˆ–ç™»å½•è¦æ±‚
2025-06-03 22:26:41,161 - src.crawler.xiaohongshu_crawler - INFO - æˆåŠŸç‚¹å‡»å…³é—­æŒ‰é’®: //div[contains(@class, 'close')]
2025-06-03 22:26:43,163 - src.crawler.xiaohongshu_crawler - INFO - å¼€å§‹æ»šåŠ¨é¡µé¢ä»¥åŠ è½½å†…å®¹
2025-06-03 22:26:45,169 - src.crawler.xiaohongshu_crawler - INFO - ç¬¬1æ¬¡æ»šåŠ¨å®Œæˆ
2025-06-03 22:26:47,177 - src.crawler.xiaohongshu_crawler - INFO - ç¬¬2æ¬¡æ»šåŠ¨å®Œæˆ
2025-06-03 22:26:49,184 - src.crawler.xiaohongshu_crawler - INFO - ç¬¬3æ¬¡æ»šåŠ¨å®Œæˆ
2025-06-03 22:26:49,888 - src.crawler.xiaohongshu_crawler - INFO - å·²ä¿å­˜æœç´¢ç»“æœæˆªå›¾: /Users/derekzhou/Downloads/9-AI/Cursor workspace/xiaohongshu-search/cache/temp/search_5338a07d5960ea06ebded26befc917d7.png
2025-06-03 22:26:49,888 - src.crawler.xiaohongshu_crawler - INFO - === å¼€å§‹ä½¿ç”¨ä¸‰ç§æå–ç­–ç•¥ ===
2025-06-03 22:26:49,888 - src.crawler.xiaohongshu_crawler - INFO - --- å¼€å§‹æ‰§è¡Œç­–ç•¥1: CSSé€‰æ‹©å™¨æ–¹æ³• ---
2025-06-03 22:26:49,888 - src.crawler.xiaohongshu_crawler - INFO - å°è¯•é€‰æ‹©å™¨ 1: div.note-item
2025-06-03 22:26:49,895 - src.crawler.xiaohongshu_crawler - INFO - æ‰¾åˆ° 0 ä¸ªå…ƒç´ 
2025-06-03 22:26:49,895 - src.crawler.xiaohongshu_crawler - INFO - å°è¯•é€‰æ‹©å™¨ 2: div[data-noteid]
2025-06-03 22:26:49,901 - src.crawler.xiaohongshu_crawler - INFO - æ‰¾åˆ° 0 ä¸ªå…ƒç´ 
2025-06-03 22:26:49,901 - src.crawler.xiaohongshu_crawler - INFO - å°è¯•é€‰æ‹©å™¨ 3: div[class*='note']
2025-06-03 22:26:49,908 - src.crawler.xiaohongshu_crawler - INFO - æ‰¾åˆ° 21 ä¸ªå…ƒç´ 
2025-06-03 22:26:49,964 - src.crawler.xiaohongshu_crawler - INFO - æˆåŠŸæå–ç¬”è®°: å¤§å®¶éƒ½åœ¨æœ
ä¸Šæµ·éœ²è¥åœ°æ’å
ä¸Šæµ·å¸‚å†…éœ²è¥
ä¸Šæµ·èƒ½å¼€è½¦è¿›å»çš„éœ²...
2025-06-03 22:26:49,973 - src.crawler.xiaohongshu_crawler - INFO - æˆåŠŸæå–ç¬”è®°: å¤§å®¶éƒ½åœ¨æœ...
2025-06-03 22:26:49,984 - src.crawler.xiaohongshu_crawler - INFO - æˆåŠŸæå–ç¬”è®°: ä¸Šæµ·éœ²è¥åœ°æ’å
ä¸Šæµ·å¸‚å†…éœ²è¥
ä¸Šæµ·èƒ½å¼€è½¦è¿›å»çš„éœ²è¥åœ°
ä¸Šæµ·è¯º...
2025-06-03 22:26:49,994 - src.crawler.xiaohongshu_crawler - INFO - æˆåŠŸæå–ç¬”è®°: ä¸Šæµ·éœ²è¥åœ°æ’å...
2025-06-03 22:26:50,004 - src.crawler.xiaohongshu_crawler - INFO - æˆåŠŸæå–ç¬”è®°: ä¸Šæµ·å¸‚å†…éœ²è¥...
2025-06-03 22:26:50,004 - src.crawler.xiaohongshu_crawler - INFO - ç­–ç•¥1æˆåŠŸï¼Œä½¿ç”¨é€‰æ‹©å™¨: div[class*='note']
2025-06-03 22:26:50,004 - src.crawler.xiaohongshu_crawler - INFO - --- ç­–ç•¥1å®Œæˆï¼Œå…±æå– 5 æ¡ç¬”è®° ---
2025-06-03 22:26:50,004 - src.crawler.xiaohongshu_crawler - INFO - ç­–ç•¥1 - CSSé€‰æ‹©å™¨æ–¹æ³•ï¼Œæå–åˆ° 5 æ¡ç¬”è®°
2025-06-03 22:26:50,004 - src.crawler.xiaohongshu_crawler - INFO - --- å¼€å§‹æ‰§è¡Œç­–ç•¥2: URLæ¨¡å¼åŒ¹é…æ–¹æ³• ---
2025-06-03 22:26:50,010 - src.crawler.xiaohongshu_crawler - INFO - é¡µé¢æ€»é“¾æ¥æ•°: 129
2025-06-03 22:26:50,972 - src.crawler.xiaohongshu_crawler - INFO - åŒ…å« '/explore/' çš„é“¾æ¥: 25 ä¸ª
2025-06-03 22:26:51,806 - src.crawler.xiaohongshu_crawler - INFO - åŒ…å« '/discovery/' çš„é“¾æ¥: 0 ä¸ª
2025-06-03 22:26:52,662 - src.crawler.xiaohongshu_crawler - INFO - åŒ…å« '/note/' çš„é“¾æ¥: 0 ä¸ª
2025-06-03 22:26:53,530 - src.crawler.xiaohongshu_crawler - INFO - åŒ…å« '/item/' çš„é“¾æ¥: 0 ä¸ª
2025-06-03 22:26:54,377 - src.crawler.xiaohongshu_crawler - INFO - åŒ…å« '/detail/' çš„é“¾æ¥: 0 ä¸ª
2025-06-03 22:26:54,492 - src.crawler.xiaohongshu_crawler - INFO - å»é‡åçš„ç¬”è®°é“¾æ¥: 25 ä¸ª
2025-06-03 22:26:54,556 - src.crawler.xiaohongshu_crawler - INFO - ä»é“¾æ¥æå–ç¬”è®°: å°çº¢ä¹¦ç¬”è®°_67d131490000000029027176...
2025-06-03 22:26:54,602 - src.crawler.xiaohongshu_crawler - INFO - ä»é“¾æ¥æå–ç¬”è®°: å°çº¢ä¹¦ç¬”è®°_67ebeb4b000000001d005d72...
2025-06-03 22:26:54,614 - src.crawler.xiaohongshu_crawler - INFO - ä»é“¾æ¥æå–ç¬”è®°: å°çº¢ä¹¦ç¬”è®°_673bedda0000000007026f9a...
2025-06-03 22:26:54,626 - src.crawler.xiaohongshu_crawler - INFO - ä»é“¾æ¥æå–ç¬”è®°: å°çº¢ä¹¦ç¬”è®°_68330ac80000000023013936...
2025-06-03 22:26:54,637 - src.crawler.xiaohongshu_crawler - INFO - ä»é“¾æ¥æå–ç¬”è®°: å°çº¢ä¹¦ç¬”è®°_646c99c0000000000703878f...
2025-06-03 22:26:54,711 - src.crawler.xiaohongshu_crawler - INFO - ä»é“¾æ¥æå–ç¬”è®°: å°çº¢ä¹¦ç¬”è®°_682023aa0000000012003bb3...
2025-06-03 22:26:54,723 - src.crawler.xiaohongshu_crawler - INFO - ä»é“¾æ¥æå–ç¬”è®°: å°çº¢ä¹¦ç¬”è®°_666ad44c00000000060054f2...
2025-06-03 22:26:54,735 - src.crawler.xiaohongshu_crawler - INFO - ä»é“¾æ¥æå–ç¬”è®°: å°çº¢ä¹¦ç¬”è®°_67d1516600000000090158c7...
2025-06-03 22:26:54,747 - src.crawler.xiaohongshu_crawler - INFO - ä»é“¾æ¥æå–ç¬”è®°: å°çº¢ä¹¦ç¬”è®°_67ce8205000000001201feac...
2025-06-03 22:26:54,759 - src.crawler.xiaohongshu_crawler - INFO - ä»é“¾æ¥æå–ç¬”è®°: å°çº¢ä¹¦ç¬”è®°_67e65bd8000000000900ce66...
2025-06-03 22:26:54,759 - src.crawler.xiaohongshu_crawler - INFO - --- ç­–ç•¥2å®Œæˆï¼Œå…±æå– 10 æ¡ç¬”è®° ---
2025-06-03 22:26:54,759 - src.crawler.xiaohongshu_crawler - INFO - ç­–ç•¥2 - URLæ¨¡å¼åŒ¹é…æ–¹æ³•ï¼Œæå–åˆ° 10 æ¡ç¬”è®°
2025-06-03 22:26:54,759 - src.crawler.xiaohongshu_crawler - INFO - --- å¼€å§‹æ‰§è¡Œç­–ç•¥3: DOMç»“æ„åˆ†ææ–¹æ³• ---
2025-06-03 22:26:54,759 - src.crawler.xiaohongshu_crawler - INFO - æœç´¢åŒ…å«å…³é”®è¯ 'ä¸Šæµ·éœ²è¥åœ°' çš„å…ƒç´ 
2025-06-03 22:26:54,800 - src.crawler.xiaohongshu_crawler - INFO - XPath '//*[contains(text(), 'ä¸Šæµ·éœ²è¥åœ°')]' æ‰¾åˆ° 5 ä¸ªå…ƒç´ 
2025-06-03 22:26:54,807 - src.crawler.xiaohongshu_crawler - INFO - XPath '//div[contains(text(), 'ä¸Šæµ·éœ²è¥åœ°')]' æ‰¾åˆ° 0 ä¸ªå…ƒç´ 
2025-06-03 22:26:54,813 - src.crawler.xiaohongshu_crawler - INFO - XPath '//span[contains(text(), 'ä¸Šæµ·éœ²è¥åœ°')]' æ‰¾åˆ° 3 ä¸ªå…ƒç´ 
2025-06-03 22:26:54,819 - src.crawler.xiaohongshu_crawler - INFO - XPath '//p[contains(text(), 'ä¸Šæµ·éœ²è¥åœ°')]' æ‰¾åˆ° 0 ä¸ªå…ƒç´ 
2025-06-03 22:26:54,826 - src.crawler.xiaohongshu_crawler - INFO - XPath '//h1[contains(text(), 'ä¸Šæµ·éœ²è¥åœ°')]' æ‰¾åˆ° 0 ä¸ªå…ƒç´ 
2025-06-03 22:26:54,831 - src.crawler.xiaohongshu_crawler - INFO - XPath '//h2[contains(text(), 'ä¸Šæµ·éœ²è¥åœ°')]' æ‰¾åˆ° 0 ä¸ªå…ƒç´ 
2025-06-03 22:26:54,838 - src.crawler.xiaohongshu_crawler - INFO - XPath '//h3[contains(text(), 'ä¸Šæµ·éœ²è¥åœ°')]' æ‰¾åˆ° 0 ä¸ªå…ƒç´ 
2025-06-03 22:26:54,838 - src.crawler.xiaohongshu_crawler - INFO - æ€»å…±æ‰¾åˆ° 8 ä¸ªåŒ…å«å…³é”®è¯çš„å…ƒç´ 
2025-06-03 22:26:54,869 - src.crawler.xiaohongshu_crawler - INFO - --- ç­–ç•¥3å®Œæˆï¼Œå…±æå– 0 æ¡ç¬”è®° ---
2025-06-03 22:26:54,869 - src.crawler.xiaohongshu_crawler - INFO - ç­–ç•¥3 - DOMç»“æ„åˆ†ææ–¹æ³•ï¼Œæå–åˆ° 0 æ¡ç¬”è®°
2025-06-03 22:26:54,870 - src.crawler.xiaohongshu_crawler - INFO - å·²ç§»é™¤ 5 æ¡æ— æ•ˆURLçš„ç¬”è®°
2025-06-03 22:26:54,870 - src.crawler.xiaohongshu_crawler - INFO - === æœç´¢å®Œæˆ ===
2025-06-03 22:26:54,870 - src.crawler.xiaohongshu_crawler - INFO - strategy1ç»“æœ: 5 æ¡
2025-06-03 22:26:54,870 - src.crawler.xiaohongshu_crawler - INFO - strategy2ç»“æœ: 10 æ¡
2025-06-03 22:26:54,870 - src.crawler.xiaohongshu_crawler - INFO - strategy3ç»“æœ: 0 æ¡
2025-06-03 22:26:54,870 - src.crawler.xiaohongshu_crawler - INFO - å»é‡åæ€»è®¡: 15 æ¡
2025-06-03 22:26:54,870 - src.crawler.xiaohongshu_crawler - INFO - URLéªŒè¯å: 10 æ¡
2025-06-03 22:26:54,870 - src.crawler.xiaohongshu_crawler - INFO - æœ€ç»ˆè¿”å›: 10 æ¡
2025-06-03 22:26:54,870 - src.crawler.xiaohongshu_crawler - INFO - æœç´¢æˆåŠŸï¼Œæ‰¾åˆ° 10 æ¡ç¬”è®°
2025-06-03 22:26:54,870 - src.crawler.xiaohongshu_crawler - INFO - æ•°æ®å·²ç¼“å­˜: /Users/derekzhou/Downloads/9-AI/Cursor workspace/xiaohongshu-search/cache/temp/search_5338a07d5960ea06ebded26befc917d7.json
2025-06-03 22:26:54,871 - src.crawler.xiaohongshu_crawler - INFO - HTMLç»“æœé¡µé¢å·²ç”Ÿæˆ: /Users/derekzhou/Downloads/9-AI/Cursor workspace/xiaohongshu-search/cache/results/search_5338a07d5960ea06ebded26befc917d7.html
2025-06-03 22:26:54,871 - src.server.main_server - INFO - HTMLå†…å®¹å·²å­˜å‚¨åˆ°å†…å­˜ç¼“å­˜: 5338a07d5960ea06ebded26befc917d7
2025-06-03 22:26:54,871 - src.crawler.xiaohongshu_crawler - INFO - HTMLå†…å®¹å·²é€šè¿‡å›è°ƒå‡½æ•°ä¼ é€’: 5338a07d5960ea06ebded26befc917d7
2025-06-03 22:26:54,872 - werkzeug - INFO - 127.0.0.1 - - [03/Jun/2025 22:26:54] "GET /api/search?keyword=ä¸Šæµ·éœ²è¥åœ°&max_results=21&use_cache=true HTTP/1.1" 200 -
2025-06-03 22:26:54,891 - src.server.main_server - INFO - ä»å†…å­˜ç¼“å­˜è¿”å›HTMLå†…å®¹: 5338a07d5960ea06ebded26befc917d7
2025-06-03 22:26:54,892 - werkzeug - INFO - 127.0.0.1 - - [03/Jun/2025 22:26:54] "GET /api/result-html/5338a07d5960ea06ebded26befc917d7 HTTP/1.1" 200 -
2025-06-03 22:27:01,639 - werkzeug - INFO - 127.0.0.1 - - [03/Jun/2025 22:27:01] "[36mGET / HTTP/1.1[0m" 304 -
2025-06-03 22:27:01,654 - werkzeug - INFO - 127.0.0.1 - - [03/Jun/2025 22:27:01] "[33mGET /img/logo.png HTTP/1.1[0m" 404 -
2025-06-03 22:27:01,655 - werkzeug - INFO - 127.0.0.1 - - [03/Jun/2025 22:27:01] "[36mGET /js/api.js HTTP/1.1[0m" 304 -
2025-06-03 22:27:01,656 - werkzeug - INFO - 127.0.0.1 - - [03/Jun/2025 22:27:01] "[36mGET /css/style.css HTTP/1.1[0m" 304 -
2025-06-03 22:27:01,657 - werkzeug - INFO - 127.0.0.1 - - [03/Jun/2025 22:27:01] "[36mGET /js/script.js HTTP/1.1[0m" 304 -
2025-06-03 22:27:03,238 - src.crawler.xiaohongshu_crawler - INFO - å¼€å§‹æœç´¢å…³é”®è¯: è¿è¡£è£™
2025-06-03 22:27:03,238 - src.crawler.xiaohongshu_crawler - INFO - å¼€å§‹ä½¿ç”¨Seleniumæœç´¢: è¿è¡£è£™
2025-06-03 22:27:03,238 - src.crawler.xiaohongshu_crawler - INFO - æœç´¢URL: https://www.xiaohongshu.com/search_result?keyword=%E8%BF%9E%E8%A1%A3%E8%A3%99&source=web_search&type=comprehensive
2025-06-03 22:27:03,238 - src.crawler.xiaohongshu_crawler - INFO - ä½¿ç”¨ä¸‰ç§æå–ç­–ç•¥
2025-06-03 22:27:17,593 - src.crawler.xiaohongshu_crawler - INFO - é¡µé¢å…ƒç´ åŠ è½½å®Œæˆ
2025-06-03 22:27:17,598 - src.crawler.xiaohongshu_crawler - INFO - å½“å‰é¡µé¢URL: https://www.xiaohongshu.com/search_result/?keyword=%E8%BF%9E%E8%A1%A3%E8%A3%99&source=web_search&type=comprehensive
2025-06-03 22:27:17,598 - src.crawler.xiaohongshu_crawler - INFO - é¡µé¢æ ‡é¢˜: è¿è¡£è£™ - å°çº¢ä¹¦æœç´¢
2025-06-03 22:27:17,614 - src.crawler.xiaohongshu_crawler - INFO - å·²ä¿å­˜é¡µé¢æºç : /Users/derekzhou/Downloads/9-AI/Cursor workspace/xiaohongshu-search/cache/temp/page_source_1493b706df45a27c93abb35ae8848673.html
2025-06-03 22:27:17,629 - src.crawler.xiaohongshu_crawler - WARNING - æ£€æµ‹åˆ°åçˆ¬è™«æœºåˆ¶æˆ–ç™»å½•è¦æ±‚
2025-06-03 22:27:17,665 - src.crawler.xiaohongshu_crawler - INFO - æˆåŠŸç‚¹å‡»å…³é—­æŒ‰é’®: //div[contains(@class, 'close')]
2025-06-03 22:27:19,667 - src.crawler.xiaohongshu_crawler - INFO - å¼€å§‹æ»šåŠ¨é¡µé¢ä»¥åŠ è½½å†…å®¹
2025-06-03 22:27:21,676 - src.crawler.xiaohongshu_crawler - INFO - ç¬¬1æ¬¡æ»šåŠ¨å®Œæˆ
2025-06-03 22:27:23,684 - src.crawler.xiaohongshu_crawler - INFO - ç¬¬2æ¬¡æ»šåŠ¨å®Œæˆ
2025-06-03 22:27:25,691 - src.crawler.xiaohongshu_crawler - INFO - ç¬¬3æ¬¡æ»šåŠ¨å®Œæˆ
2025-06-03 22:27:26,450 - src.crawler.xiaohongshu_crawler - INFO - å·²ä¿å­˜æœç´¢ç»“æœæˆªå›¾: /Users/derekzhou/Downloads/9-AI/Cursor workspace/xiaohongshu-search/cache/temp/search_1493b706df45a27c93abb35ae8848673.png
2025-06-03 22:27:26,450 - src.crawler.xiaohongshu_crawler - INFO - === å¼€å§‹ä½¿ç”¨ä¸‰ç§æå–ç­–ç•¥ ===
2025-06-03 22:27:26,450 - src.crawler.xiaohongshu_crawler - INFO - --- å¼€å§‹æ‰§è¡Œç­–ç•¥1: CSSé€‰æ‹©å™¨æ–¹æ³• ---
2025-06-03 22:27:26,450 - src.crawler.xiaohongshu_crawler - INFO - å°è¯•é€‰æ‹©å™¨ 1: div.note-item
2025-06-03 22:27:26,456 - src.crawler.xiaohongshu_crawler - INFO - æ‰¾åˆ° 0 ä¸ªå…ƒç´ 
2025-06-03 22:27:26,456 - src.crawler.xiaohongshu_crawler - INFO - å°è¯•é€‰æ‹©å™¨ 2: div[data-noteid]
2025-06-03 22:27:26,462 - src.crawler.xiaohongshu_crawler - INFO - æ‰¾åˆ° 0 ä¸ªå…ƒç´ 
2025-06-03 22:27:26,462 - src.crawler.xiaohongshu_crawler - INFO - å°è¯•é€‰æ‹©å™¨ 3: div[class*='note']
2025-06-03 22:27:26,469 - src.crawler.xiaohongshu_crawler - INFO - æ‰¾åˆ° 21 ä¸ªå…ƒç´ 
2025-06-03 22:27:26,519 - src.crawler.xiaohongshu_crawler - INFO - æˆåŠŸæå–ç¬”è®°: å¤§å®¶éƒ½åœ¨æœ
æ¯”è¾ƒæ—¥å¸¸çš„è¿è¡£è£™
è¿è¡£è£™ç‰ˆå•
æ”¶è…°è¿è¡£è£™
æ˜¾è´µæ„Ÿ...
2025-06-03 22:27:26,529 - src.crawler.xiaohongshu_crawler - INFO - æˆåŠŸæå–ç¬”è®°: å¤§å®¶éƒ½åœ¨æœ...
2025-06-03 22:27:26,539 - src.crawler.xiaohongshu_crawler - INFO - æˆåŠŸæå–ç¬”è®°: æ¯”è¾ƒæ—¥å¸¸çš„è¿è¡£è£™
è¿è¡£è£™ç‰ˆå•
æ”¶è…°è¿è¡£è£™
æ˜¾è´µæ„Ÿè¿è¡£è£™...
2025-06-03 22:27:26,550 - src.crawler.xiaohongshu_crawler - INFO - æˆåŠŸæå–ç¬”è®°: æ¯”è¾ƒæ—¥å¸¸çš„è¿è¡£è£™...
2025-06-03 22:27:26,560 - src.crawler.xiaohongshu_crawler - INFO - æˆåŠŸæå–ç¬”è®°: è¿è¡£è£™ç‰ˆå•...
2025-06-03 22:27:26,560 - src.crawler.xiaohongshu_crawler - INFO - ç­–ç•¥1æˆåŠŸï¼Œä½¿ç”¨é€‰æ‹©å™¨: div[class*='note']
2025-06-03 22:27:26,560 - src.crawler.xiaohongshu_crawler - INFO - --- ç­–ç•¥1å®Œæˆï¼Œå…±æå– 5 æ¡ç¬”è®° ---
2025-06-03 22:27:26,560 - src.crawler.xiaohongshu_crawler - INFO - ç­–ç•¥1 - CSSé€‰æ‹©å™¨æ–¹æ³•ï¼Œæå–åˆ° 5 æ¡ç¬”è®°
2025-06-03 22:27:26,560 - src.crawler.xiaohongshu_crawler - INFO - --- å¼€å§‹æ‰§è¡Œç­–ç•¥2: URLæ¨¡å¼åŒ¹é…æ–¹æ³• ---
2025-06-03 22:27:26,567 - src.crawler.xiaohongshu_crawler - INFO - é¡µé¢æ€»é“¾æ¥æ•°: 131
2025-06-03 22:27:27,574 - src.crawler.xiaohongshu_crawler - INFO - åŒ…å« '/explore/' çš„é“¾æ¥: 25 ä¸ª
2025-06-03 22:27:28,470 - src.crawler.xiaohongshu_crawler - INFO - åŒ…å« '/discovery/' çš„é“¾æ¥: 0 ä¸ª
2025-06-03 22:27:29,309 - src.crawler.xiaohongshu_crawler - INFO - åŒ…å« '/note/' çš„é“¾æ¥: 0 ä¸ª
2025-06-03 22:27:30,185 - src.crawler.xiaohongshu_crawler - INFO - åŒ…å« '/item/' çš„é“¾æ¥: 0 ä¸ª
2025-06-03 22:27:31,104 - src.crawler.xiaohongshu_crawler - INFO - åŒ…å« '/detail/' çš„é“¾æ¥: 0 ä¸ª
2025-06-03 22:27:31,192 - src.crawler.xiaohongshu_crawler - INFO - å»é‡åçš„ç¬”è®°é“¾æ¥: 25 ä¸ª
2025-06-03 22:27:31,295 - src.crawler.xiaohongshu_crawler - INFO - ä»é“¾æ¥æå–ç¬”è®°: å°çº¢ä¹¦ç¬”è®°_66dda9de000000001e0192a0...
2025-06-03 22:27:31,306 - src.crawler.xiaohongshu_crawler - INFO - ä»é“¾æ¥æå–ç¬”è®°: å°çº¢ä¹¦ç¬”è®°_6809c7e60000000009016859...
2025-06-03 22:27:31,317 - src.crawler.xiaohongshu_crawler - INFO - ä»é“¾æ¥æå–ç¬”è®°: å°çº¢ä¹¦ç¬”è®°_67bdcc9b000000002900a63c...
2025-06-03 22:27:31,526 - src.crawler.xiaohongshu_crawler - INFO - ä»é“¾æ¥æå–ç¬”è®°: å°çº¢ä¹¦ç¬”è®°_6831ab0c0000000021006bb7...
2025-06-03 22:27:31,569 - src.crawler.xiaohongshu_crawler - INFO - ä»é“¾æ¥æå–ç¬”è®°: å°çº¢ä¹¦ç¬”è®°_66a5c362000000002701c5e2...
2025-06-03 22:27:31,596 - src.crawler.xiaohongshu_crawler - INFO - ä»é“¾æ¥æå–ç¬”è®°: å°çº¢ä¹¦ç¬”è®°_66931c88000000002500019b...
2025-06-03 22:27:31,607 - src.crawler.xiaohongshu_crawler - INFO - ä»é“¾æ¥æå–ç¬”è®°: å°çº¢ä¹¦ç¬”è®°_681b69720000000021000794...
2025-06-03 22:27:31,653 - src.crawler.xiaohongshu_crawler - INFO - ä»é“¾æ¥æå–ç¬”è®°: å°çº¢ä¹¦ç¬”è®°_67dee01c000000001c00cda5...
2025-06-03 22:27:31,665 - src.crawler.xiaohongshu_crawler - INFO - ä»é“¾æ¥æå–ç¬”è®°: å°çº¢ä¹¦ç¬”è®°_68121f4b0000000021018795...
2025-06-03 22:27:31,677 - src.crawler.xiaohongshu_crawler - INFO - ä»é“¾æ¥æå–ç¬”è®°: å°çº¢ä¹¦ç¬”è®°_66aa05dd000000000d032e35...
2025-06-03 22:27:31,677 - src.crawler.xiaohongshu_crawler - INFO - --- ç­–ç•¥2å®Œæˆï¼Œå…±æå– 10 æ¡ç¬”è®° ---
2025-06-03 22:27:31,677 - src.crawler.xiaohongshu_crawler - INFO - ç­–ç•¥2 - URLæ¨¡å¼åŒ¹é…æ–¹æ³•ï¼Œæå–åˆ° 10 æ¡ç¬”è®°
2025-06-03 22:27:31,677 - src.crawler.xiaohongshu_crawler - INFO - --- å¼€å§‹æ‰§è¡Œç­–ç•¥3: DOMç»“æ„åˆ†ææ–¹æ³• ---
2025-06-03 22:27:31,677 - src.crawler.xiaohongshu_crawler - INFO - æœç´¢åŒ…å«å…³é”®è¯ 'è¿è¡£è£™' çš„å…ƒç´ 
2025-06-03 22:27:31,685 - src.crawler.xiaohongshu_crawler - INFO - XPath '//*[contains(text(), 'è¿è¡£è£™')]' æ‰¾åˆ° 20 ä¸ªå…ƒç´ 
2025-06-03 22:27:31,691 - src.crawler.xiaohongshu_crawler - INFO - XPath '//div[contains(text(), 'è¿è¡£è£™')]' æ‰¾åˆ° 0 ä¸ªå…ƒç´ 
2025-06-03 22:27:31,698 - src.crawler.xiaohongshu_crawler - INFO - XPath '//span[contains(text(), 'è¿è¡£è£™')]' æ‰¾åˆ° 18 ä¸ªå…ƒç´ 
2025-06-03 22:27:31,704 - src.crawler.xiaohongshu_crawler - INFO - XPath '//p[contains(text(), 'è¿è¡£è£™')]' æ‰¾åˆ° 0 ä¸ªå…ƒç´ 
2025-06-03 22:27:31,709 - src.crawler.xiaohongshu_crawler - INFO - XPath '//h1[contains(text(), 'è¿è¡£è£™')]' æ‰¾åˆ° 0 ä¸ªå…ƒç´ 
2025-06-03 22:27:31,715 - src.crawler.xiaohongshu_crawler - INFO - XPath '//h2[contains(text(), 'è¿è¡£è£™')]' æ‰¾åˆ° 0 ä¸ªå…ƒç´ 
2025-06-03 22:27:31,721 - src.crawler.xiaohongshu_crawler - INFO - XPath '//h3[contains(text(), 'è¿è¡£è£™')]' æ‰¾åˆ° 0 ä¸ªå…ƒç´ 
2025-06-03 22:27:31,721 - src.crawler.xiaohongshu_crawler - INFO - æ€»å…±æ‰¾åˆ° 38 ä¸ªåŒ…å«å…³é”®è¯çš„å…ƒç´ 
2025-06-03 22:27:31,914 - src.crawler.xiaohongshu_crawler - INFO - --- ç­–ç•¥3å®Œæˆï¼Œå…±æå– 0 æ¡ç¬”è®° ---
2025-06-03 22:27:31,914 - src.crawler.xiaohongshu_crawler - INFO - ç­–ç•¥3 - DOMç»“æ„åˆ†ææ–¹æ³•ï¼Œæå–åˆ° 0 æ¡ç¬”è®°
2025-06-03 22:27:31,914 - src.crawler.xiaohongshu_crawler - INFO - å·²ç§»é™¤ 5 æ¡æ— æ•ˆURLçš„ç¬”è®°
2025-06-03 22:27:31,914 - src.crawler.xiaohongshu_crawler - INFO - === æœç´¢å®Œæˆ ===
2025-06-03 22:27:31,914 - src.crawler.xiaohongshu_crawler - INFO - strategy1ç»“æœ: 5 æ¡
2025-06-03 22:27:31,914 - src.crawler.xiaohongshu_crawler - INFO - strategy2ç»“æœ: 10 æ¡
2025-06-03 22:27:31,914 - src.crawler.xiaohongshu_crawler - INFO - strategy3ç»“æœ: 0 æ¡
2025-06-03 22:27:31,915 - src.crawler.xiaohongshu_crawler - INFO - å»é‡åæ€»è®¡: 15 æ¡
2025-06-03 22:27:31,915 - src.crawler.xiaohongshu_crawler - INFO - URLéªŒè¯å: 10 æ¡
2025-06-03 22:27:31,915 - src.crawler.xiaohongshu_crawler - INFO - æœ€ç»ˆè¿”å›: 10 æ¡
2025-06-03 22:27:31,915 - src.crawler.xiaohongshu_crawler - INFO - æœç´¢æˆåŠŸï¼Œæ‰¾åˆ° 10 æ¡ç¬”è®°
2025-06-03 22:27:31,916 - src.crawler.xiaohongshu_crawler - INFO - æ•°æ®å·²ç¼“å­˜: /Users/derekzhou/Downloads/9-AI/Cursor workspace/xiaohongshu-search/cache/temp/search_1493b706df45a27c93abb35ae8848673.json
2025-06-03 22:27:31,916 - src.crawler.xiaohongshu_crawler - INFO - HTMLç»“æœé¡µé¢å·²ç”Ÿæˆ: /Users/derekzhou/Downloads/9-AI/Cursor workspace/xiaohongshu-search/cache/results/search_1493b706df45a27c93abb35ae8848673.html
2025-06-03 22:27:31,916 - src.server.main_server - INFO - HTMLå†…å®¹å·²å­˜å‚¨åˆ°å†…å­˜ç¼“å­˜: 1493b706df45a27c93abb35ae8848673
2025-06-03 22:27:31,916 - src.crawler.xiaohongshu_crawler - INFO - HTMLå†…å®¹å·²é€šè¿‡å›è°ƒå‡½æ•°ä¼ é€’: 1493b706df45a27c93abb35ae8848673
2025-06-03 22:27:31,917 - werkzeug - INFO - 127.0.0.1 - - [03/Jun/2025 22:27:31] "GET /api/search?keyword=è¿è¡£è£™&max_results=21&use_cache=true HTTP/1.1" 200 -
2025-06-03 22:27:31,932 - src.server.main_server - INFO - ä»å†…å­˜ç¼“å­˜è¿”å›HTMLå†…å®¹: 1493b706df45a27c93abb35ae8848673
2025-06-03 22:27:31,933 - werkzeug - INFO - 127.0.0.1 - - [03/Jun/2025 22:27:31] "GET /api/result-html/1493b706df45a27c93abb35ae8848673 HTTP/1.1" 200 -
2025-06-03 22:27:52,790 - werkzeug - INFO - 127.0.0.1 - - [03/Jun/2025 22:27:52] "[36mGET / HTTP/1.1[0m" 304 -
2025-06-03 22:27:52,807 - werkzeug - INFO - 127.0.0.1 - - [03/Jun/2025 22:27:52] "[36mGET /css/style.css HTTP/1.1[0m" 304 -
2025-06-03 22:27:52,810 - werkzeug - INFO - 127.0.0.1 - - [03/Jun/2025 22:27:52] "[33mGET /img/logo.png HTTP/1.1[0m" 404 -
2025-06-03 22:27:52,812 - werkzeug - INFO - 127.0.0.1 - - [03/Jun/2025 22:27:52] "[36mGET /js/api.js HTTP/1.1[0m" 304 -
2025-06-03 22:27:52,812 - werkzeug - INFO - 127.0.0.1 - - [03/Jun/2025 22:27:52] "[36mGET /js/script.js HTTP/1.1[0m" 304 -
2025-06-03 22:27:55,065 - src.crawler.xiaohongshu_crawler - INFO - å¼€å§‹æœç´¢å…³é”®è¯: è€³æœº
2025-06-03 22:27:55,065 - src.crawler.xiaohongshu_crawler - INFO - å¼€å§‹ä½¿ç”¨Seleniumæœç´¢: è€³æœº
2025-06-03 22:27:55,065 - src.crawler.xiaohongshu_crawler - INFO - æœç´¢URL: https://www.xiaohongshu.com/search_result?keyword=%E8%80%B3%E6%9C%BA&source=web_search&type=comprehensive
2025-06-03 22:27:55,065 - src.crawler.xiaohongshu_crawler - INFO - ä½¿ç”¨ä¸‰ç§æå–ç­–ç•¥
2025-06-03 22:28:10,554 - src.crawler.xiaohongshu_crawler - INFO - é¡µé¢å…ƒç´ åŠ è½½å®Œæˆ
2025-06-03 22:28:10,563 - src.crawler.xiaohongshu_crawler - INFO - å½“å‰é¡µé¢URL: https://www.xiaohongshu.com/search_result/?keyword=%E8%80%B3%E6%9C%BA&source=web_search&type=comprehensive
2025-06-03 22:28:10,563 - src.crawler.xiaohongshu_crawler - INFO - é¡µé¢æ ‡é¢˜: è€³æœº - å°çº¢ä¹¦æœç´¢
2025-06-03 22:28:10,583 - src.crawler.xiaohongshu_crawler - INFO - å·²ä¿å­˜é¡µé¢æºç : /Users/derekzhou/Downloads/9-AI/Cursor workspace/xiaohongshu-search/cache/temp/page_source_01b6f87b8ff066734bd76dd45b9a3a38.html
2025-06-03 22:28:10,601 - src.crawler.xiaohongshu_crawler - WARNING - æ£€æµ‹åˆ°åçˆ¬è™«æœºåˆ¶æˆ–ç™»å½•è¦æ±‚
2025-06-03 22:28:10,637 - src.crawler.xiaohongshu_crawler - INFO - æˆåŠŸç‚¹å‡»å…³é—­æŒ‰é’®: //div[contains(@class, 'close')]
2025-06-03 22:28:12,642 - src.crawler.xiaohongshu_crawler - INFO - å¼€å§‹æ»šåŠ¨é¡µé¢ä»¥åŠ è½½å†…å®¹
2025-06-03 22:28:14,651 - src.crawler.xiaohongshu_crawler - INFO - ç¬¬1æ¬¡æ»šåŠ¨å®Œæˆ
2025-06-03 22:28:16,659 - src.crawler.xiaohongshu_crawler - INFO - ç¬¬2æ¬¡æ»šåŠ¨å®Œæˆ
2025-06-03 22:28:18,667 - src.crawler.xiaohongshu_crawler - INFO - ç¬¬3æ¬¡æ»šåŠ¨å®Œæˆ
2025-06-03 22:28:19,318 - src.crawler.xiaohongshu_crawler - INFO - å·²ä¿å­˜æœç´¢ç»“æœæˆªå›¾: /Users/derekzhou/Downloads/9-AI/Cursor workspace/xiaohongshu-search/cache/temp/search_01b6f87b8ff066734bd76dd45b9a3a38.png
2025-06-03 22:28:19,318 - src.crawler.xiaohongshu_crawler - INFO - === å¼€å§‹ä½¿ç”¨ä¸‰ç§æå–ç­–ç•¥ ===
2025-06-03 22:28:19,318 - src.crawler.xiaohongshu_crawler - INFO - --- å¼€å§‹æ‰§è¡Œç­–ç•¥1: CSSé€‰æ‹©å™¨æ–¹æ³• ---
2025-06-03 22:28:19,318 - src.crawler.xiaohongshu_crawler - INFO - å°è¯•é€‰æ‹©å™¨ 1: div.note-item
2025-06-03 22:28:19,324 - src.crawler.xiaohongshu_crawler - INFO - æ‰¾åˆ° 0 ä¸ªå…ƒç´ 
2025-06-03 22:28:19,324 - src.crawler.xiaohongshu_crawler - INFO - å°è¯•é€‰æ‹©å™¨ 2: div[data-noteid]
2025-06-03 22:28:19,330 - src.crawler.xiaohongshu_crawler - INFO - æ‰¾åˆ° 0 ä¸ªå…ƒç´ 
2025-06-03 22:28:19,330 - src.crawler.xiaohongshu_crawler - INFO - å°è¯•é€‰æ‹©å™¨ 3: div[class*='note']
2025-06-03 22:28:19,337 - src.crawler.xiaohongshu_crawler - INFO - æ‰¾åˆ° 21 ä¸ªå…ƒç´ 
2025-06-03 22:28:19,388 - src.crawler.xiaohongshu_crawler - INFO - æˆåŠŸæå–ç¬”è®°: å¤§å®¶éƒ½åœ¨æœ
æŒ‚è€³å¼è€³æœº
ikfzeusè€³æœº
æœ€å¥½è€³æœº
éª¨ä¼ å¯¼...
2025-06-03 22:28:19,398 - src.crawler.xiaohongshu_crawler - INFO - æˆåŠŸæå–ç¬”è®°: å¤§å®¶éƒ½åœ¨æœ...
2025-06-03 22:28:19,408 - src.crawler.xiaohongshu_crawler - INFO - æˆåŠŸæå–ç¬”è®°: æŒ‚è€³å¼è€³æœº
ikfzeusè€³æœº
æœ€å¥½è€³æœº
éª¨ä¼ å¯¼è€³æœº...
2025-06-03 22:28:19,418 - src.crawler.xiaohongshu_crawler - INFO - æˆåŠŸæå–ç¬”è®°: æŒ‚è€³å¼è€³æœº...
2025-06-03 22:28:19,428 - src.crawler.xiaohongshu_crawler - INFO - æˆåŠŸæå–ç¬”è®°: ikfzeusè€³æœº...
2025-06-03 22:28:19,428 - src.crawler.xiaohongshu_crawler - INFO - ç­–ç•¥1æˆåŠŸï¼Œä½¿ç”¨é€‰æ‹©å™¨: div[class*='note']
2025-06-03 22:28:19,428 - src.crawler.xiaohongshu_crawler - INFO - --- ç­–ç•¥1å®Œæˆï¼Œå…±æå– 5 æ¡ç¬”è®° ---
2025-06-03 22:28:19,428 - src.crawler.xiaohongshu_crawler - INFO - ç­–ç•¥1 - CSSé€‰æ‹©å™¨æ–¹æ³•ï¼Œæå–åˆ° 5 æ¡ç¬”è®°
2025-06-03 22:28:19,428 - src.crawler.xiaohongshu_crawler - INFO - --- å¼€å§‹æ‰§è¡Œç­–ç•¥2: URLæ¨¡å¼åŒ¹é…æ–¹æ³• ---
2025-06-03 22:28:19,434 - src.crawler.xiaohongshu_crawler - INFO - é¡µé¢æ€»é“¾æ¥æ•°: 130
2025-06-03 22:28:20,357 - src.crawler.xiaohongshu_crawler - INFO - åŒ…å« '/explore/' çš„é“¾æ¥: 25 ä¸ª
2025-06-03 22:28:21,223 - src.crawler.xiaohongshu_crawler - INFO - åŒ…å« '/discovery/' çš„é“¾æ¥: 0 ä¸ª
2025-06-03 22:28:22,086 - src.crawler.xiaohongshu_crawler - INFO - åŒ…å« '/note/' çš„é“¾æ¥: 0 ä¸ª
2025-06-03 22:28:22,947 - src.crawler.xiaohongshu_crawler - INFO - åŒ…å« '/item/' çš„é“¾æ¥: 0 ä¸ª
2025-06-03 22:28:23,813 - src.crawler.xiaohongshu_crawler - INFO - åŒ…å« '/detail/' çš„é“¾æ¥: 0 ä¸ª
2025-06-03 22:28:23,898 - src.crawler.xiaohongshu_crawler - INFO - å»é‡åçš„ç¬”è®°é“¾æ¥: 25 ä¸ª
2025-06-03 22:28:23,991 - src.crawler.xiaohongshu_crawler - INFO - ä»é“¾æ¥æå–ç¬”è®°: å°çº¢ä¹¦ç¬”è®°_67d7e73e000000001203d10b...
2025-06-03 22:28:24,003 - src.crawler.xiaohongshu_crawler - INFO - ä»é“¾æ¥æå–ç¬”è®°: å°çº¢ä¹¦ç¬”è®°_67f4d7f3000000000b02f674...
2025-06-03 22:28:24,014 - src.crawler.xiaohongshu_crawler - INFO - ä»é“¾æ¥æå–ç¬”è®°: å°çº¢ä¹¦ç¬”è®°_681066f2000000000903ba37...
2025-06-03 22:28:24,025 - src.crawler.xiaohongshu_crawler - INFO - ä»é“¾æ¥æå–ç¬”è®°: å°çº¢ä¹¦ç¬”è®°_67e22114000000001b0240f8...
2025-06-03 22:28:24,072 - src.crawler.xiaohongshu_crawler - INFO - ä»é“¾æ¥æå–ç¬”è®°: å°çº¢ä¹¦ç¬”è®°_66c6fb65000000001d018ff5...
2025-06-03 22:28:24,084 - src.crawler.xiaohongshu_crawler - INFO - ä»é“¾æ¥æå–ç¬”è®°: å°çº¢ä¹¦ç¬”è®°_682c818600000000210196a3...
2025-06-03 22:28:24,095 - src.crawler.xiaohongshu_crawler - INFO - ä»é“¾æ¥æå–ç¬”è®°: å°çº¢ä¹¦ç¬”è®°_681b2d0e000000002202dfc3...
2025-06-03 22:28:24,106 - src.crawler.xiaohongshu_crawler - INFO - ä»é“¾æ¥æå–ç¬”è®°: å°çº¢ä¹¦ç¬”è®°_67ab6e020000000018012baa...
2025-06-03 22:28:24,151 - src.crawler.xiaohongshu_crawler - INFO - ä»é“¾æ¥æå–ç¬”è®°: å°çº¢ä¹¦ç¬”è®°_6810d843000000000900ebaf...
2025-06-03 22:28:24,165 - src.crawler.xiaohongshu_crawler - INFO - ä»é“¾æ¥æå–ç¬”è®°: å°çº¢ä¹¦ç¬”è®°_668cc1710000000003025202...
2025-06-03 22:28:24,165 - src.crawler.xiaohongshu_crawler - INFO - --- ç­–ç•¥2å®Œæˆï¼Œå…±æå– 10 æ¡ç¬”è®° ---
2025-06-03 22:28:24,165 - src.crawler.xiaohongshu_crawler - INFO - ç­–ç•¥2 - URLæ¨¡å¼åŒ¹é…æ–¹æ³•ï¼Œæå–åˆ° 10 æ¡ç¬”è®°
2025-06-03 22:28:24,165 - src.crawler.xiaohongshu_crawler - INFO - --- å¼€å§‹æ‰§è¡Œç­–ç•¥3: DOMç»“æ„åˆ†ææ–¹æ³• ---
2025-06-03 22:28:24,166 - src.crawler.xiaohongshu_crawler - INFO - æœç´¢åŒ…å«å…³é”®è¯ 'è€³æœº' çš„å…ƒç´ 
2025-06-03 22:28:24,173 - src.crawler.xiaohongshu_crawler - INFO - XPath '//*[contains(text(), 'è€³æœº')]' æ‰¾åˆ° 26 ä¸ªå…ƒç´ 
2025-06-03 22:28:24,179 - src.crawler.xiaohongshu_crawler - INFO - XPath '//div[contains(text(), 'è€³æœº')]' æ‰¾åˆ° 0 ä¸ªå…ƒç´ 
2025-06-03 22:28:24,186 - src.crawler.xiaohongshu_crawler - INFO - XPath '//span[contains(text(), 'è€³æœº')]' æ‰¾åˆ° 24 ä¸ªå…ƒç´ 
2025-06-03 22:28:24,192 - src.crawler.xiaohongshu_crawler - INFO - XPath '//p[contains(text(), 'è€³æœº')]' æ‰¾åˆ° 0 ä¸ªå…ƒç´ 
2025-06-03 22:28:24,197 - src.crawler.xiaohongshu_crawler - INFO - XPath '//h1[contains(text(), 'è€³æœº')]' æ‰¾åˆ° 0 ä¸ªå…ƒç´ 
2025-06-03 22:28:24,203 - src.crawler.xiaohongshu_crawler - INFO - XPath '//h2[contains(text(), 'è€³æœº')]' æ‰¾åˆ° 0 ä¸ªå…ƒç´ 
2025-06-03 22:28:24,209 - src.crawler.xiaohongshu_crawler - INFO - XPath '//h3[contains(text(), 'è€³æœº')]' æ‰¾åˆ° 0 ä¸ªå…ƒç´ 
2025-06-03 22:28:24,209 - src.crawler.xiaohongshu_crawler - INFO - æ€»å…±æ‰¾åˆ° 50 ä¸ªåŒ…å«å…³é”®è¯çš„å…ƒç´ 
2025-06-03 22:28:24,469 - src.crawler.xiaohongshu_crawler - INFO - --- ç­–ç•¥3å®Œæˆï¼Œå…±æå– 0 æ¡ç¬”è®° ---
2025-06-03 22:28:24,469 - src.crawler.xiaohongshu_crawler - INFO - ç­–ç•¥3 - DOMç»“æ„åˆ†ææ–¹æ³•ï¼Œæå–åˆ° 0 æ¡ç¬”è®°
2025-06-03 22:28:24,469 - src.crawler.xiaohongshu_crawler - INFO - å·²ç§»é™¤ 5 æ¡æ— æ•ˆURLçš„ç¬”è®°
2025-06-03 22:28:24,469 - src.crawler.xiaohongshu_crawler - INFO - === æœç´¢å®Œæˆ ===
2025-06-03 22:28:24,469 - src.crawler.xiaohongshu_crawler - INFO - strategy1ç»“æœ: 5 æ¡
2025-06-03 22:28:24,469 - src.crawler.xiaohongshu_crawler - INFO - strategy2ç»“æœ: 10 æ¡
2025-06-03 22:28:24,469 - src.crawler.xiaohongshu_crawler - INFO - strategy3ç»“æœ: 0 æ¡
2025-06-03 22:28:24,470 - src.crawler.xiaohongshu_crawler - INFO - å»é‡åæ€»è®¡: 15 æ¡
2025-06-03 22:28:24,470 - src.crawler.xiaohongshu_crawler - INFO - URLéªŒè¯å: 10 æ¡
2025-06-03 22:28:24,470 - src.crawler.xiaohongshu_crawler - INFO - æœ€ç»ˆè¿”å›: 10 æ¡
2025-06-03 22:28:24,470 - src.crawler.xiaohongshu_crawler - INFO - æœç´¢æˆåŠŸï¼Œæ‰¾åˆ° 10 æ¡ç¬”è®°
2025-06-03 22:28:24,470 - src.crawler.xiaohongshu_crawler - INFO - æ•°æ®å·²ç¼“å­˜: /Users/derekzhou/Downloads/9-AI/Cursor workspace/xiaohongshu-search/cache/temp/search_01b6f87b8ff066734bd76dd45b9a3a38.json
2025-06-03 22:28:24,471 - src.crawler.xiaohongshu_crawler - INFO - HTMLç»“æœé¡µé¢å·²ç”Ÿæˆ: /Users/derekzhou/Downloads/9-AI/Cursor workspace/xiaohongshu-search/cache/results/search_01b6f87b8ff066734bd76dd45b9a3a38.html
2025-06-03 22:28:24,471 - src.server.main_server - INFO - HTMLå†…å®¹å·²å­˜å‚¨åˆ°å†…å­˜ç¼“å­˜: 01b6f87b8ff066734bd76dd45b9a3a38
2025-06-03 22:28:24,471 - src.crawler.xiaohongshu_crawler - INFO - HTMLå†…å®¹å·²é€šè¿‡å›è°ƒå‡½æ•°ä¼ é€’: 01b6f87b8ff066734bd76dd45b9a3a38
2025-06-03 22:28:24,472 - werkzeug - INFO - 127.0.0.1 - - [03/Jun/2025 22:28:24] "GET /api/search?keyword=è€³æœº&max_results=21&use_cache=true HTTP/1.1" 200 -
2025-06-03 22:28:24,486 - src.server.main_server - INFO - ä»å†…å­˜ç¼“å­˜è¿”å›HTMLå†…å®¹: 01b6f87b8ff066734bd76dd45b9a3a38
2025-06-03 22:28:24,486 - werkzeug - INFO - 127.0.0.1 - - [03/Jun/2025 22:28:24] "GET /api/result-html/01b6f87b8ff066734bd76dd45b9a3a38 HTTP/1.1" 200 -
